#
# There is insufficient memory for the Java Runtime Environment to continue.
# Native memory allocation (malloc) failed to allocate 65552 bytes for Chunk::new
# Possible reasons:
#   The system is out of physical RAM or swap space
#   The process is running with CompressedOops enabled, and the Java Heap may be blocking the growth of the native heap
# Possible solutions:
#   Reduce memory load on the system
#   Increase physical memory or swap space
#   Check if swap backing store is full
#   Decrease Java heap size (-Xmx/-Xms)
#   Decrease number of Java threads
#   Decrease Java thread stack sizes (-Xss)
#   Set larger code cache with -XX:ReservedCodeCacheSize=
#   JVM is running with Unscaled Compressed Oops mode in which the Java heap is
#     placed in the first 4GB address space. The Java Heap base address is the
#     maximum limit for the native heap growth. Please use -XX:HeapBaseMinAddress
#     to set the Java Heap base and to place the Java Heap above 4GB virtual address.
# This output file may be truncated or incomplete.
#
#  Out of Memory Error (arena.cpp:189), pid=24124, tid=25848
#
# JRE version: Java(TM) SE Runtime Environment (17.0.12+8) (build 17.0.12+8-LTS-286)
# Java VM: Java HotSpot(TM) 64-Bit Server VM (17.0.12+8-LTS-286, mixed mode, sharing, tiered, compressed oops, compressed class ptrs, g1 gc, windows-amd64)
# No core dump will be written. Minidumps are not enabled by default on client versions of Windows
#

---------------  S U M M A R Y ------------

Command Line: C:\Users\Ravindu Haputhanthri\AppData\Local\Temp\surefire5631807915473099711\surefirebooter-20250113185842384_3.jar C:\Users\Ravindu Haputhanthri\AppData\Local\Temp\surefire5631807915473099711 2025-01-13T18-58-41_996-jvmRun1 surefire-20250113185842384_1tmp surefire_0-20250113185842384_2tmp

Host: Intel(R) Core(TM) i3-8130U CPU @ 2.20GHz, 4 cores, 3G,  Windows 10 , 64 bit Build 19041 (10.0.19041.5072)
Time: Mon Jan 13 18:59:42 2025 Sri Lanka Standard Time elapsed time: 59.478979 seconds (0d 0h 0m 59s)

---------------  T H R E A D  ---------------

Current thread (0x0000017f4a70fe40):  JavaThread "C2 CompilerThread0" daemon [_thread_in_native, id=25848, stack(0x0000003920a00000,0x0000003920b00000)]


Current CompileTask:
C2:  59483 3416       4       jdk.internal.org.objectweb.asm.SymbolTable::addConstantMemberReference (147 bytes)

Stack: [0x0000003920a00000,0x0000003920b00000]
Native frames: (J=compiled Java code, j=interpreted, Vv=VM code, C=native code)
V  [jvm.dll+0x67a04a]
V  [jvm.dll+0x7da4ed]
V  [jvm.dll+0x7dbe33]
V  [jvm.dll+0x7dc4a3]
V  [jvm.dll+0x24508f]
V  [jvm.dll+0xab773]
V  [jvm.dll+0xabd3c]
V  [jvm.dll+0xab884]
V  [jvm.dll+0x6d082c]
V  [jvm.dll+0x58bae7]
V  [jvm.dll+0x572198]
V  [jvm.dll+0x574a96]
V  [jvm.dll+0x57e218]
V  [jvm.dll+0x57794e]
V  [jvm.dll+0x57b593]
V  [jvm.dll+0x57aca9]
V  [jvm.dll+0x57ab90]
V  [jvm.dll+0x57ad17]
V  [jvm.dll+0x58275a]
V  [jvm.dll+0x21f422]
V  [jvm.dll+0x21f81f]
V  [jvm.dll+0x218aa0]
V  [jvm.dll+0x215b65]
V  [jvm.dll+0x1a2960]
V  [jvm.dll+0x22610b]
V  [jvm.dll+0x2242ab]
V  [jvm.dll+0x79075c]
V  [jvm.dll+0x78abea]
V  [jvm.dll+0x678f35]
C  [ucrtbase.dll+0x21bb2]
C  [KERNEL32.DLL+0x17374]
C  [ntdll.dll+0x4cc91]


---------------  P R O C E S S  ---------------

Threads class SMR info:
_java_thread_list=0x0000017f903c4ab0, length=40, elements={
0x0000017f2f51a2f0, 0x0000017f2f5d6430, 0x0000017f2f5d72b0, 0x0000017f2f5ec3f0,
0x0000017f4a70dfb0, 0x0000017f4a70e880, 0x0000017f4a70f150, 0x0000017f4a70fe40,
0x0000017f4a713d40, 0x0000017f4a730750, 0x0000017f4a94ed60, 0x0000017f4a955b10,
0x0000017f90058590, 0x0000017f4ab97540, 0x0000017f90cc1920, 0x0000017f9067c3d0,
0x0000017f9067c8b0, 0x0000017f90c0ef40, 0x0000017f90c0fe70, 0x0000017f90c0f960,
0x0000017f90c11cd0, 0x0000017f90c0ea30, 0x0000017f90c0f450, 0x0000017f91457580,
0x0000017f9145ad30, 0x0000017f9145d5b0, 0x0000017f9145d0a0, 0x0000017f91459e00,
0x0000017f9145dac0, 0x0000017f9145b240, 0x0000017f9145b750, 0x0000017f91457a90,
0x0000017f91458ed0, 0x0000017f9145dfd0, 0x0000017f914593e0, 0x0000017f9145cb90,
0x0000017f9145e4e0, 0x0000017f9145c680, 0x0000017f9145c170, 0x0000017f91457fa0
}

Java Threads: ( => current thread )
  0x0000017f2f51a2f0 JavaThread "main" [_thread_blocked, id=25764, stack(0x000000391fd00000,0x000000391fe00000)]
  0x0000017f2f5d6430 JavaThread "Reference Handler" daemon [_thread_blocked, id=11488, stack(0x0000003920400000,0x0000003920500000)]
  0x0000017f2f5d72b0 JavaThread "Finalizer" daemon [_thread_blocked, id=17832, stack(0x0000003920500000,0x0000003920600000)]
  0x0000017f2f5ec3f0 JavaThread "Signal Dispatcher" daemon [_thread_blocked, id=23716, stack(0x0000003920600000,0x0000003920700000)]
  0x0000017f4a70dfb0 JavaThread "Attach Listener" daemon [_thread_blocked, id=13796, stack(0x0000003920700000,0x0000003920800000)]
  0x0000017f4a70e880 JavaThread "Service Thread" daemon [_thread_blocked, id=21752, stack(0x0000003920800000,0x0000003920900000)]
  0x0000017f4a70f150 JavaThread "Monitor Deflation Thread" daemon [_thread_blocked, id=8976, stack(0x0000003920900000,0x0000003920a00000)]
=>0x0000017f4a70fe40 JavaThread "C2 CompilerThread0" daemon [_thread_in_native, id=25848, stack(0x0000003920a00000,0x0000003920b00000)]
  0x0000017f4a713d40 JavaThread "C1 CompilerThread0" daemon [_thread_blocked, id=25960, stack(0x0000003920b00000,0x0000003920c00000)]
  0x0000017f4a730750 JavaThread "Sweeper thread" daemon [_thread_blocked, id=21308, stack(0x0000003920c00000,0x0000003920d00000)]
  0x0000017f4a94ed60 JavaThread "Notification Thread" daemon [_thread_blocked, id=26128, stack(0x0000003920d00000,0x0000003920e00000)]
  0x0000017f4a955b10 JavaThread "Common-Cleaner" daemon [_thread_blocked, id=13168, stack(0x0000003920f00000,0x0000003921000000)]
  0x0000017f90058590 JavaThread "surefire-forkedjvm-stream-flusher" daemon [_thread_blocked, id=25872, stack(0x0000003921000000,0x0000003921100000)]
  0x0000017f4ab97540 JavaThread "surefire-forkedjvm-command-thread" daemon [_thread_in_native, id=8860, stack(0x0000003921100000,0x0000003921200000)]
  0x0000017f90cc1920 JavaThread "ForkJoinPool.commonPool-worker-1" daemon [_thread_blocked, id=26588, stack(0x0000003921600000,0x0000003921700000)]
  0x0000017f9067c3d0 JavaThread "ForkJoinPool.commonPool-worker-2" daemon [_thread_blocked, id=500, stack(0x0000003921700000,0x0000003921800000)]
  0x0000017f9067c8b0 JavaThread "ForkJoinPool.commonPool-worker-3" daemon [_thread_blocked, id=23840, stack(0x0000003921800000,0x0000003921900000)]
  0x0000017f90c0ef40 JavaThread "Forwarding newSession on session null to remote" [_thread_blocked, id=20168, stack(0x0000003921900000,0x0000003921a00000)]
  0x0000017f90c0fe70 JavaThread "Forwarding findElement on session 8a1dc646-adf3-42db-b4b8-b8adf37b33e2 to remote" [_thread_blocked, id=25980, stack(0x0000003921a00000,0x0000003921b00000)]
  0x0000017f90c0f960 JavaThread "HttpClient-1-SelectorManager" daemon [_thread_in_native, id=22736, stack(0x0000003921c00000,0x0000003921d00000)]
  0x0000017f90c11cd0 JavaThread "External Process Output Forwarder - C:\Users\Ravindu Haputhanthri\.cache\selenium\geckodriver\win64\0.35.0\geckodriver.exe" daemon [_thread_in_native, id=26152, stack(0x0000003922100000,0x0000003922200000)]
  0x0000017f90c0ea30 JavaThread "Driver Service Executor" daemon [_thread_blocked, id=3684, stack(0x0000003922200000,0x0000003922300000)]
  0x0000017f90c0f450 JavaThread "Driver Service Executor" daemon [_thread_blocked, id=17212, stack(0x0000003922300000,0x0000003922400000)]
  0x0000017f91457580 JavaThread "JdkHttpClient-0-0" daemon [_thread_blocked, id=23736, stack(0x0000003922400000,0x0000003922500000)]
  0x0000017f9145ad30 JavaThread "JdkHttpClient-1-0" daemon [_thread_blocked, id=24588, stack(0x0000003922500000,0x0000003922600000)]
  0x0000017f9145d5b0 JavaThread "CompletableFutureDelayScheduler" daemon [_thread_blocked, id=24376, stack(0x0000003922600000,0x0000003922700000)]
  0x0000017f9145d0a0 JavaThread "JdkHttpClient-0-1" daemon [_thread_blocked, id=11712, stack(0x0000003922700000,0x0000003922800000)]
  0x0000017f91459e00 JavaThread "JdkHttpClient-1-1" daemon [_thread_blocked, id=26272, stack(0x0000003922800000,0x0000003922900000)]
  0x0000017f9145dac0 JavaThread "JdkHttpClient-1-2" daemon [_thread_blocked, id=21360, stack(0x0000003922900000,0x0000003922a00000)]
  0x0000017f9145b240 JavaThread "JdkHttpClient-0-2" daemon [_thread_blocked, id=25524, stack(0x0000003922a00000,0x0000003922b00000)]
  0x0000017f9145b750 JavaThread "JdkHttpClient-0-3" daemon [_thread_blocked, id=22996, stack(0x0000003922b00000,0x0000003922c00000)]
  0x0000017f91457a90 JavaThread "JdkHttpClient-1-3" daemon [_thread_blocked, id=25168, stack(0x0000003922c00000,0x0000003922d00000)]
  0x0000017f91458ed0 JavaThread "HttpClient-4-SelectorManager" daemon [_thread_in_native, id=5948, stack(0x0000003921e00000,0x0000003921f00000)]
  0x0000017f9145dfd0 JavaThread "External Process Output Forwarder - C:\Users\Ravindu Haputhanthri\.cache\selenium\geckodriver\win64\0.35.0\geckodriver.exe" daemon [_thread_in_native, id=24832, stack(0x0000003921f00000,0x0000003922000000)]
  0x0000017f914593e0 JavaThread "Driver Service Executor" daemon [_thread_blocked, id=26424, stack(0x0000003922000000,0x0000003922100000)]
  0x0000017f9145cb90 JavaThread "Driver Service Executor" daemon [_thread_in_native, id=22140, stack(0x0000003922f00000,0x0000003923000000)]
  0x0000017f9145e4e0 JavaThread "JdkHttpClient-3-0" daemon [_thread_blocked, id=3712, stack(0x0000003923000000,0x0000003923100000)]
  0x0000017f9145c680 JavaThread "JdkHttpClient-3-1" daemon [_thread_blocked, id=26456, stack(0x0000003921d00000,0x0000003921e00000)]
  0x0000017f9145c170 JavaThread "JdkHttpClient-3-2" daemon [_thread_blocked, id=25844, stack(0x0000003923100000,0x0000003923200000)]
  0x0000017f91457fa0 JavaThread "JdkHttpClient-3-3" daemon [_thread_blocked, id=26492, stack(0x0000003923200000,0x0000003923300000)]

Other Threads:
  0x0000017f2f5cff60 VMThread "VM Thread" [stack: 0x0000003920300000,0x0000003920400000] [id=4928]
  0x0000017f4a955880 WatcherThread [stack: 0x0000003920e00000,0x0000003920f00000] [id=23744]
  0x0000017f2f553ee0 GCTaskThread "GC Thread#0" [stack: 0x000000391fe00000,0x000000391ff00000] [id=23396]
  0x0000017f9055eb10 GCTaskThread "GC Thread#1" [stack: 0x0000003921200000,0x0000003921300000] [id=21780]
  0x0000017f905b5120 GCTaskThread "GC Thread#2" [stack: 0x0000003921300000,0x0000003921400000] [id=18936]
  0x0000017f901c2740 GCTaskThread "GC Thread#3" [stack: 0x0000003921400000,0x0000003921500000] [id=25244]
  0x0000017f2f55fa60 ConcurrentGCThread "G1 Main Marker" [stack: 0x000000391ff00000,0x0000003920000000] [id=25328]
  0x0000017f2f560c10 ConcurrentGCThread "G1 Conc#0" [stack: 0x0000003920000000,0x0000003920100000] [id=4696]
  0x0000017f2f59dc50 ConcurrentGCThread "G1 Refine#0" [stack: 0x0000003920100000,0x0000003920200000] [id=13384]
  0x0000017f905b0390 ConcurrentGCThread "G1 Refine#1" [stack: 0x0000003921500000,0x0000003921600000] [id=10672]
  0x0000017f2f59e680 ConcurrentGCThread "G1 Service" [stack: 0x0000003920200000,0x0000003920300000] [id=26232]

Threads with active compile tasks:
C2 CompilerThread0    59654 3416       4       jdk.internal.org.objectweb.asm.SymbolTable::addConstantMemberReference (147 bytes)

VM state: not at safepoint (normal execution)

VM Mutex/Monitor currently owned by a thread: None

Heap address: 0x00000000c2000000, size: 992 MB, Compressed Oops mode: 32-bit

CDS archive(s) mapped at: [0x0000017f4b000000-0x0000017f4bbd0000-0x0000017f4bbd0000), size 12386304, SharedBaseAddress: 0x0000017f4b000000, ArchiveRelocationMode: 1.
Compressed class space mapped at: 0x0000017f4c000000-0x0000017f8c000000, reserved size: 1073741824
Narrow klass base: 0x0000017f4b000000, Narrow klass shift: 0, Narrow klass range: 0x100000000

GC Precious Log:
 CPUs: 4 total, 4 available
 Memory: 3960M
 Large Page Support: Disabled
 NUMA Support: Disabled
 Compressed Oops: Enabled (32-bit)
 Heap Region Size: 1M
 Heap Min Capacity: 8M
 Heap Initial Capacity: 62M
 Heap Max Capacity: 992M
 Pre-touch: Disabled
 Parallel Workers: 4
 Concurrent Workers: 1
 Concurrent Refinement Workers: 4
 Periodic GC: Disabled

Heap:
 garbage-first heap   total 61440K, used 22368K [0x00000000c2000000, 0x0000000100000000)
  region size 1024K, 7 young (7168K), 2 survivors (2048K)
 Metaspace       used 27814K, committed 28224K, reserved 1114112K
  class space    used 3415K, committed 3648K, reserved 1048576K

Heap Regions: E=young(eden), S=young(survivor), O=old, HS=humongous(starts), HC=humongous(continues), CS=collection set, F=free, OA=open archive, CA=closed archive, TAMS=top-at-mark-start (previous, next)
|   0|0x00000000c2000000, 0x00000000c2100000, 0x00000000c2100000|100%|HS|  |TAMS 0x00000000c2100000, 0x00000000c2000000| Complete 
|   1|0x00000000c2100000, 0x00000000c2200000, 0x00000000c2200000|100%| O|  |TAMS 0x00000000c2200000, 0x00000000c2100000| Untracked 
|   2|0x00000000c2200000, 0x00000000c2300000, 0x00000000c2300000|100%| O|  |TAMS 0x00000000c2300000, 0x00000000c2200000| Untracked 
|   3|0x00000000c2300000, 0x00000000c2400000, 0x00000000c2400000|100%| O|  |TAMS 0x00000000c2400000, 0x00000000c2300000| Untracked 
|   4|0x00000000c2400000, 0x00000000c2500000, 0x00000000c2500000|100%| O|  |TAMS 0x00000000c2500000, 0x00000000c2400000| Untracked 
|   5|0x00000000c2500000, 0x00000000c2600000, 0x00000000c2600000|100%| O|  |TAMS 0x00000000c2600000, 0x00000000c2500000| Untracked 
|   6|0x00000000c2600000, 0x00000000c2700000, 0x00000000c2700000|100%| O|  |TAMS 0x00000000c2700000, 0x00000000c2600000| Untracked 
|   7|0x00000000c2700000, 0x00000000c2800000, 0x00000000c2800000|100%| O|  |TAMS 0x00000000c2713600, 0x00000000c2700000| Untracked 
|   8|0x00000000c2800000, 0x00000000c2900000, 0x00000000c2900000|100%| O|  |TAMS 0x00000000c2800000, 0x00000000c2800000| Untracked 
|   9|0x00000000c2900000, 0x00000000c2a00000, 0x00000000c2a00000|100%| O|  |TAMS 0x00000000c2900000, 0x00000000c2900000| Untracked 
|  10|0x00000000c2a00000, 0x00000000c2b00000, 0x00000000c2b00000|100%| O|  |TAMS 0x00000000c2a00000, 0x00000000c2a00000| Untracked 
|  11|0x00000000c2b00000, 0x00000000c2c00000, 0x00000000c2c00000|100%| O|  |TAMS 0x00000000c2b00000, 0x00000000c2b00000| Untracked 
|  12|0x00000000c2c00000, 0x00000000c2c07e00, 0x00000000c2d00000|  3%| O|  |TAMS 0x00000000c2c00000, 0x00000000c2c00000| Untracked 
|  13|0x00000000c2d00000, 0x00000000c2e00000, 0x00000000c2e00000|100%| O|  |TAMS 0x00000000c2d00000, 0x00000000c2d00000| Untracked 
|  14|0x00000000c2e00000, 0x00000000c2f00000, 0x00000000c2f00000|100%| O|  |TAMS 0x00000000c2e00000, 0x00000000c2e00000| Untracked 
|  15|0x00000000c2f00000, 0x00000000c3000000, 0x00000000c3000000|100%| O|  |TAMS 0x00000000c2f00000, 0x00000000c2f00000| Untracked 
|  16|0x00000000c3000000, 0x00000000c30e9200, 0x00000000c3100000| 91%| O|  |TAMS 0x00000000c3000000, 0x00000000c3000000| Untracked 
|  17|0x00000000c3100000, 0x00000000c3100000, 0x00000000c3200000|  0%| F|  |TAMS 0x00000000c3100000, 0x00000000c3100000| Untracked 
|  18|0x00000000c3200000, 0x00000000c3200000, 0x00000000c3300000|  0%| F|  |TAMS 0x00000000c3200000, 0x00000000c3200000| Untracked 
|  19|0x00000000c3300000, 0x00000000c3300000, 0x00000000c3400000|  0%| F|  |TAMS 0x00000000c3300000, 0x00000000c3300000| Untracked 
|  20|0x00000000c3400000, 0x00000000c3400000, 0x00000000c3500000|  0%| F|  |TAMS 0x00000000c3400000, 0x00000000c3400000| Untracked 
|  21|0x00000000c3500000, 0x00000000c3500000, 0x00000000c3600000|  0%| F|  |TAMS 0x00000000c3500000, 0x00000000c3500000| Untracked 
|  22|0x00000000c3600000, 0x00000000c3600000, 0x00000000c3700000|  0%| F|  |TAMS 0x00000000c3600000, 0x00000000c3600000| Untracked 
|  23|0x00000000c3700000, 0x00000000c3700000, 0x00000000c3800000|  0%| F|  |TAMS 0x00000000c3700000, 0x00000000c3700000| Untracked 
|  24|0x00000000c3800000, 0x00000000c3800000, 0x00000000c3900000|  0%| F|  |TAMS 0x00000000c3800000, 0x00000000c3800000| Untracked 
|  25|0x00000000c3900000, 0x00000000c3900000, 0x00000000c3a00000|  0%| F|  |TAMS 0x00000000c3900000, 0x00000000c3900000| Untracked 
|  26|0x00000000c3a00000, 0x00000000c3a00000, 0x00000000c3b00000|  0%| F|  |TAMS 0x00000000c3a00000, 0x00000000c3a00000| Untracked 
|  27|0x00000000c3b00000, 0x00000000c3b00000, 0x00000000c3c00000|  0%| F|  |TAMS 0x00000000c3b00000, 0x00000000c3b00000| Untracked 
|  28|0x00000000c3c00000, 0x00000000c3c00000, 0x00000000c3d00000|  0%| F|  |TAMS 0x00000000c3c00000, 0x00000000c3c00000| Untracked 
|  29|0x00000000c3d00000, 0x00000000c3d00000, 0x00000000c3e00000|  0%| F|  |TAMS 0x00000000c3d00000, 0x00000000c3d00000| Untracked 
|  30|0x00000000c3e00000, 0x00000000c3ee7158, 0x00000000c3f00000| 90%| S|CS|TAMS 0x00000000c3e00000, 0x00000000c3e00000| Complete 
|  31|0x00000000c3f00000, 0x00000000c4000000, 0x00000000c4000000|100%| S|CS|TAMS 0x00000000c3f00000, 0x00000000c3f00000| Complete 
|  32|0x00000000c4000000, 0x00000000c4000000, 0x00000000c4100000|  0%| F|  |TAMS 0x00000000c4000000, 0x00000000c4000000| Untracked 
|  33|0x00000000c4100000, 0x00000000c4100000, 0x00000000c4200000|  0%| F|  |TAMS 0x00000000c4100000, 0x00000000c4100000| Untracked 
|  34|0x00000000c4200000, 0x00000000c4200000, 0x00000000c4300000|  0%| F|  |TAMS 0x00000000c4200000, 0x00000000c4200000| Untracked 
|  35|0x00000000c4300000, 0x00000000c4300000, 0x00000000c4400000|  0%| F|  |TAMS 0x00000000c4300000, 0x00000000c4300000| Untracked 
|  36|0x00000000c4400000, 0x00000000c4400000, 0x00000000c4500000|  0%| F|  |TAMS 0x00000000c4400000, 0x00000000c4400000| Untracked 
|  37|0x00000000c4500000, 0x00000000c4500000, 0x00000000c4600000|  0%| F|  |TAMS 0x00000000c4500000, 0x00000000c4500000| Untracked 
|  38|0x00000000c4600000, 0x00000000c4600000, 0x00000000c4700000|  0%| F|  |TAMS 0x00000000c4600000, 0x00000000c4600000| Untracked 
|  39|0x00000000c4700000, 0x00000000c4700000, 0x00000000c4800000|  0%| F|  |TAMS 0x00000000c4700000, 0x00000000c4700000| Untracked 
|  40|0x00000000c4800000, 0x00000000c4800000, 0x00000000c4900000|  0%| F|  |TAMS 0x00000000c4800000, 0x00000000c4800000| Untracked 
|  41|0x00000000c4900000, 0x00000000c4900000, 0x00000000c4a00000|  0%| F|  |TAMS 0x00000000c4900000, 0x00000000c4900000| Untracked 
|  42|0x00000000c4a00000, 0x00000000c4a00000, 0x00000000c4b00000|  0%| F|  |TAMS 0x00000000c4a00000, 0x00000000c4a00000| Untracked 
|  43|0x00000000c4b00000, 0x00000000c4b00000, 0x00000000c4c00000|  0%| F|  |TAMS 0x00000000c4b00000, 0x00000000c4b00000| Untracked 
|  44|0x00000000c4c00000, 0x00000000c4c00000, 0x00000000c4d00000|  0%| F|  |TAMS 0x00000000c4c00000, 0x00000000c4c00000| Untracked 
|  45|0x00000000c4d00000, 0x00000000c4d00000, 0x00000000c4e00000|  0%| F|  |TAMS 0x00000000c4d00000, 0x00000000c4d00000| Untracked 
|  46|0x00000000c4e00000, 0x00000000c4e00000, 0x00000000c4f00000|  0%| F|  |TAMS 0x00000000c4e00000, 0x00000000c4e00000| Untracked 
|  47|0x00000000c4f00000, 0x00000000c4f00000, 0x00000000c5000000|  0%| F|  |TAMS 0x00000000c4f00000, 0x00000000c4f00000| Untracked 
|  48|0x00000000c5000000, 0x00000000c5000000, 0x00000000c5100000|  0%| F|  |TAMS 0x00000000c5000000, 0x00000000c5000000| Untracked 
|  49|0x00000000c5100000, 0x00000000c5100000, 0x00000000c5200000|  0%| F|  |TAMS 0x00000000c5100000, 0x00000000c5100000| Untracked 
|  50|0x00000000c5200000, 0x00000000c5200000, 0x00000000c5300000|  0%| F|  |TAMS 0x00000000c5200000, 0x00000000c5200000| Untracked 
|  51|0x00000000c5300000, 0x00000000c5300000, 0x00000000c5400000|  0%| F|  |TAMS 0x00000000c5300000, 0x00000000c5300000| Untracked 
|  52|0x00000000c5400000, 0x00000000c5400000, 0x00000000c5500000|  0%| F|  |TAMS 0x00000000c5400000, 0x00000000c5400000| Untracked 
|  53|0x00000000c5500000, 0x00000000c5500000, 0x00000000c5600000|  0%| F|  |TAMS 0x00000000c5500000, 0x00000000c5500000| Untracked 
|  54|0x00000000c5600000, 0x00000000c5600000, 0x00000000c5700000|  0%| F|  |TAMS 0x00000000c5600000, 0x00000000c5600000| Untracked 
|  55|0x00000000c5700000, 0x00000000c573cc18, 0x00000000c5800000| 23%| E|  |TAMS 0x00000000c5700000, 0x00000000c5700000| Complete 
|  56|0x00000000c5800000, 0x00000000c5900000, 0x00000000c5900000|100%| E|CS|TAMS 0x00000000c5800000, 0x00000000c5800000| Complete 
|  57|0x00000000c5900000, 0x00000000c5a00000, 0x00000000c5a00000|100%| E|CS|TAMS 0x00000000c5900000, 0x00000000c5900000| Complete 
|  58|0x00000000c5a00000, 0x00000000c5b00000, 0x00000000c5b00000|100%| E|CS|TAMS 0x00000000c5a00000, 0x00000000c5a00000| Complete 
|  61|0x00000000c5d00000, 0x00000000c5e00000, 0x00000000c5e00000|100%| E|CS|TAMS 0x00000000c5d00000, 0x00000000c5d00000| Complete 

Card table byte_map: [0x0000017f45fd0000,0x0000017f461c0000] _byte_map_base: 0x0000017f459c0000

Marking Bits (Prev, Next): (CMBitMap*) 0x0000017f2f554540, (CMBitMap*) 0x0000017f2f554500
 Prev Bits: [0x0000017f47330000, 0x0000017f482b0000)
 Next Bits: [0x0000017f463b0000, 0x0000017f47330000)

Polling page: 0x0000017f2d4d0000

Metaspace:

Usage:
  Non-class:     23.83 MB used.
      Class:      3.34 MB used.
       Both:     27.16 MB used.

Virtual space:
  Non-class space:       64.00 MB reserved,      24.00 MB ( 38%) committed,  1 nodes.
      Class space:        1.00 GB reserved,       3.56 MB ( <1%) committed,  1 nodes.
             Both:        1.06 GB reserved,      27.56 MB (  3%) committed. 

Chunk freelists:
   Non-Class:  8.00 MB
       Class:  12.48 MB
        Both:  20.48 MB

MaxMetaspaceSize: unlimited
CompressedClassSpaceSize: 1.00 GB
Initial GC threshold: 21.00 MB
Current GC threshold: 35.25 MB
CDS: on
MetaspaceReclaimPolicy: balanced
 - commit_granule_bytes: 65536.
 - commit_granule_words: 8192.
 - virtual_space_node_default_size: 8388608.
 - enlarge_chunks_in_place: 1.
 - new_chunks_are_fully_committed: 0.
 - uncommit_free_chunks: 1.
 - use_allocation_guard: 0.
 - handle_deallocations: 1.


Internal statistics:

num_allocs_failed_limit: 3.
num_arena_births: 480.
num_arena_deaths: 0.
num_vsnodes_births: 2.
num_vsnodes_deaths: 0.
num_space_committed: 441.
num_space_uncommitted: 0.
num_chunks_returned_to_freelist: 3.
num_chunks_taken_from_freelist: 1306.
num_chunk_merges: 3.
num_chunk_splits: 820.
num_chunks_enlarged: 512.
num_inconsistent_stats: 0.

CodeHeap 'non-profiled nmethods': size=120000Kb used=1472Kb max_used=1472Kb free=118527Kb
 bounds [0x0000017f3e8b0000, 0x0000017f3eb20000, 0x0000017f45de0000]
CodeHeap 'profiled nmethods': size=120000Kb used=7154Kb max_used=7154Kb free=112845Kb
 bounds [0x0000017f36de0000, 0x0000017f374e0000, 0x0000017f3e310000]
CodeHeap 'non-nmethods': size=5760Kb used=1283Kb max_used=1349Kb free=4476Kb
 bounds [0x0000017f3e310000, 0x0000017f3e580000, 0x0000017f3e8b0000]
 total_blobs=4020 nmethods=3424 adapters=507
 compilation: enabled
              stopped_count=0, restarted_count=0
 full_count=0

Compilation events (20 events):
Event: 59.132 Thread 0x0000017f4a713d40 nmethod 3412 0x0000017f374d3a10 code [0x0000017f374d3be0, 0x0000017f374d3f98]
Event: 59.138 Thread 0x0000017f4a70fe40 3413       4       java.lang.reflect.Modifier::isPublic (12 bytes)
Event: 59.139 Thread 0x0000017f4a70fe40 nmethod 3413 0x0000017f3ea1fa90 code [0x0000017f3ea1fc00, 0x0000017f3ea1fc58]
Event: 59.145 Thread 0x0000017f4a713d40 3414       3       java.lang.reflect.ProxyGenerator$ProxyMethod::emitIconstInsn (75 bytes)
Event: 59.145 Thread 0x0000017f4a70fe40 3415       4       java.util.Arrays$ArrayList::size (6 bytes)
Event: 59.145 Thread 0x0000017f4a70fe40 nmethod 3415 0x0000017f3ea1fd90 code [0x0000017f3ea1ff00, 0x0000017f3ea1ff98]
Event: 59.145 Thread 0x0000017f4a713d40 nmethod 3414 0x0000017f374d4110 code [0x0000017f374d4340, 0x0000017f374d4c18]
Event: 59.149 Thread 0x0000017f4a70fe40 3416       4       jdk.internal.org.objectweb.asm.SymbolTable::addConstantMemberReference (147 bytes)
Event: 59.170 Thread 0x0000017f4a713d40 3417       3       java.lang.Class::forName (15 bytes)
Event: 59.171 Thread 0x0000017f4a713d40 nmethod 3417 0x0000017f374d4e90 code [0x0000017f374d5040, 0x0000017f374d5258]
Event: 59.173 Thread 0x0000017f4a713d40 3418       3       java.util.LinkedHashMap::<init> (10 bytes)
Event: 59.173 Thread 0x0000017f4a713d40 nmethod 3418 0x0000017f374d5390 code [0x0000017f374d5540, 0x0000017f374d5778]
Event: 59.180 Thread 0x0000017f4a713d40 3419       3       jdk.internal.reflect.AccessorGenerator::sub (5 bytes)
Event: 59.181 Thread 0x0000017f4a713d40 nmethod 3419 0x0000017f374d5890 code [0x0000017f374d5a20, 0x0000017f374d5b18]
Event: 59.181 Thread 0x0000017f4a713d40 3420       3       jdk.internal.reflect.ClassFileAssembler::setStack (25 bytes)
Event: 59.181 Thread 0x0000017f4a713d40 nmethod 3420 0x0000017f374d5b90 code [0x0000017f374d5d20, 0x0000017f374d5e78]
Event: 59.190 Thread 0x0000017f4a713d40 3421       3       sun.reflect.generics.parser.SignatureParser::mark (9 bytes)
Event: 59.190 Thread 0x0000017f4a713d40 nmethod 3421 0x0000017f374d5f10 code [0x0000017f374d60a0, 0x0000017f374d61b8]
Event: 59.190 Thread 0x0000017f4a713d40 3422       3       sun.reflect.generics.parser.SignatureParser::markToCurrent (16 bytes)
Event: 59.191 Thread 0x0000017f4a713d40 nmethod 3422 0x0000017f374d6290 code [0x0000017f374d6440, 0x0000017f374d6588]

GC Heap History (12 events):
Event: 0.869 GC heap before
{Heap before GC invocations=0 (full 0):
 garbage-first heap   total 63488K, used 13312K [0x00000000c2000000, 0x0000000100000000)
  region size 1024K, 13 young (13312K), 0 survivors (0K)
 Metaspace       used 3011K, committed 3136K, reserved 1114112K
  class space    used 307K, committed 384K, reserved 1048576K
}
Event: 0.878 GC heap after
{Heap after GC invocations=1 (full 0):
 garbage-first heap   total 63488K, used 6320K [0x00000000c2000000, 0x0000000100000000)
  region size 1024K, 2 young (2048K), 2 survivors (2048K)
 Metaspace       used 3011K, committed 3136K, reserved 1114112K
  class space    used 307K, committed 384K, reserved 1048576K
}
Event: 1.481 GC heap before
{Heap before GC invocations=1 (full 0):
 garbage-first heap   total 63488K, used 13488K [0x00000000c2000000, 0x0000000100000000)
  region size 1024K, 10 young (10240K), 2 survivors (2048K)
 Metaspace       used 6059K, committed 6208K, reserved 1114112K
  class space    used 664K, committed 768K, reserved 1048576K
}
Event: 1.488 GC heap after
{Heap after GC invocations=2 (full 0):
 garbage-first heap   total 63488K, used 7428K [0x00000000c2000000, 0x0000000100000000)
  region size 1024K, 1 young (1024K), 1 survivors (1024K)
 Metaspace       used 6059K, committed 6208K, reserved 1114112K
  class space    used 664K, committed 768K, reserved 1048576K
}
Event: 2.693 GC heap before
{Heap before GC invocations=2 (full 0):
 garbage-first heap   total 63488K, used 25860K [0x00000000c2000000, 0x0000000100000000)
  region size 1024K, 20 young (20480K), 1 survivors (1024K)
 Metaspace       used 10780K, committed 11072K, reserved 1114112K
  class space    used 1246K, committed 1408K, reserved 1048576K
}
Event: 2.697 GC heap after
{Heap after GC invocations=3 (full 0):
 garbage-first heap   total 63488K, used 8370K [0x00000000c2000000, 0x0000000100000000)
  region size 1024K, 2 young (2048K), 2 survivors (2048K)
 Metaspace       used 10780K, committed 11072K, reserved 1114112K
  class space    used 1246K, committed 1408K, reserved 1048576K
}
Event: 3.572 GC heap before
{Heap before GC invocations=3 (full 0):
 garbage-first heap   total 63488K, used 41138K [0x00000000c2000000, 0x0000000100000000)
  region size 1024K, 35 young (35840K), 2 survivors (2048K)
 Metaspace       used 18624K, committed 18944K, reserved 1114112K
  class space    used 2090K, committed 2240K, reserved 1048576K
}
Event: 3.582 GC heap after
{Heap after GC invocations=4 (full 0):
 garbage-first heap   total 63488K, used 12365K [0x00000000c2000000, 0x0000000100000000)
  region size 1024K, 5 young (5120K), 5 survivors (5120K)
 Metaspace       used 18624K, committed 18944K, reserved 1114112K
  class space    used 2090K, committed 2240K, reserved 1048576K
}
Event: 4.227 GC heap before
{Heap before GC invocations=4 (full 0):
 garbage-first heap   total 63488K, used 31821K [0x00000000c2000000, 0x0000000100000000)
  region size 1024K, 25 young (25600K), 5 survivors (5120K)
 Metaspace       used 21268K, committed 21504K, reserved 1114112K
  class space    used 2413K, committed 2496K, reserved 1048576K
}
Event: 4.242 GC heap after
{Heap after GC invocations=5 (full 0):
 garbage-first heap   total 63488K, used 16210K [0x00000000c2000000, 0x0000000100000000)
  region size 1024K, 4 young (4096K), 4 survivors (4096K)
 Metaspace       used 21268K, committed 21504K, reserved 1114112K
  class space    used 2413K, committed 2496K, reserved 1048576K
}
Event: 40.261 GC heap before
{Heap before GC invocations=6 (full 0):
 garbage-first heap   total 61440K, used 40786K [0x00000000c2000000, 0x0000000100000000)
  region size 1024K, 28 young (28672K), 4 survivors (4096K)
 Metaspace       used 27526K, committed 27904K, reserved 1114112K
  class space    used 3398K, committed 3584K, reserved 1048576K
}
Event: 40.280 GC heap after
{Heap after GC invocations=7 (full 0):
 garbage-first heap   total 61440K, used 18272K [0x00000000c2000000, 0x0000000100000000)
  region size 1024K, 2 young (2048K), 2 survivors (2048K)
 Metaspace       used 27526K, committed 27904K, reserved 1114112K
  class space    used 3398K, committed 3584K, reserved 1048576K
}

Deoptimization events (20 events):
Event: 8.113 Thread 0x0000017f90c0ef40 Uncommon trap: reason=unstable_if action=reinterpret pc=0x0000017f3e97c5b4 method=java.net.URLStreamHandler.parseURL(Ljava/net/URL;Ljava/lang/String;II)V @ 698 c2
Event: 8.113 Thread 0x0000017f90c0fe70 Uncommon trap: reason=unstable_if action=reinterpret pc=0x0000017f3e97c5b4 method=java.net.URLStreamHandler.parseURL(Ljava/net/URL;Ljava/lang/String;II)V @ 698 c2
Event: 8.113 Thread 0x0000017f90c0ef40 DEOPT PACKING pc=0x0000017f3e97c5b4 sp=0x00000039219fd7c0
Event: 8.113 Thread 0x0000017f90c0fe70 DEOPT PACKING pc=0x0000017f3e97c5b4 sp=0x0000003921afd3f0
Event: 8.113 Thread 0x0000017f90c0ef40 DEOPT UNPACKING pc=0x0000017f3e3623a3 sp=0x00000039219fd770 mode 2
Event: 8.113 Thread 0x0000017f90c0fe70 DEOPT UNPACKING pc=0x0000017f3e3623a3 sp=0x0000003921afd3a0 mode 2
Event: 8.627 Thread 0x0000017f90c0fe70 Uncommon trap: trap_request=0xffffff45 fr.pc=0x0000017f3e94a1c4 relative=0x0000000000005464
Event: 8.627 Thread 0x0000017f90c0fe70 Uncommon trap: reason=unstable_if action=reinterpret pc=0x0000017f3e94a1c4 method=jdk.internal.org.objectweb.asm.Type.getArgumentsAndReturnSizes(Ljava/lang/String;)I @ 123 c2
Event: 8.627 Thread 0x0000017f90c0fe70 DEOPT PACKING pc=0x0000017f3e94a1c4 sp=0x0000003921afacf0
Event: 8.627 Thread 0x0000017f90c0fe70 DEOPT UNPACKING pc=0x0000017f3e3623a3 sp=0x0000003921afaba8 mode 2
Event: 8.702 Thread 0x0000017f9145ad30 Uncommon trap: trap_request=0xffffff45 fr.pc=0x0000017f3e9b1440 relative=0x0000000000001500
Event: 8.702 Thread 0x0000017f9145ad30 Uncommon trap: reason=unstable_if action=reinterpret pc=0x0000017f3e9b1440 method=java.util.concurrent.ConcurrentHashMap.addCount(JI)V @ 97 c2
Event: 8.702 Thread 0x0000017f9145ad30 DEOPT PACKING pc=0x0000017f3e9b1440 sp=0x00000039225fda20
Event: 8.702 Thread 0x0000017f9145ad30 DEOPT UNPACKING pc=0x0000017f3e3623a3 sp=0x00000039225fd8e0 mode 2
Event: 8.710 Thread 0x0000017f9145ad30 DEOPT PACKING pc=0x0000017f372bd1b2 sp=0x00000039225fdc30
Event: 8.710 Thread 0x0000017f9145ad30 DEOPT UNPACKING pc=0x0000017f3e362b43 sp=0x00000039225fd140 mode 0
Event: 8.804 Thread 0x0000017f9145d0a0 Uncommon trap: trap_request=0xffffff45 fr.pc=0x0000017f3e989b14 relative=0x00000000000002d4
Event: 8.804 Thread 0x0000017f9145d0a0 Uncommon trap: reason=unstable_if action=reinterpret pc=0x0000017f3e989b14 method=java.util.concurrent.ConcurrentHashMap.addCount(JI)V @ 97 c2
Event: 8.804 Thread 0x0000017f9145d0a0 DEOPT PACKING pc=0x0000017f3e989b14 sp=0x00000039227fe220
Event: 8.804 Thread 0x0000017f9145d0a0 DEOPT UNPACKING pc=0x0000017f3e3623a3 sp=0x00000039227fe170 mode 2

Classes unloaded (0 events):
No events

Classes redefined (0 events):
No events

Internal exceptions (20 events):
Event: 40.839 Thread 0x0000017f914593e0 Exception <a 'java/net/ConnectException'{0x00000000c590d7e0}: Connection refused: no further information> (0x00000000c590d7e0) 
thrown [s\open\src\hotspot\share\prims\jni.cpp, line 535]
Event: 40.839 Thread 0x0000017f914593e0 Exception <a 'java/net/SocketException'{0x00000000c590db18}: Socket is not connected: shutdown> (0x00000000c590db18) 
thrown [s\open\src\hotspot\share\prims\jni.cpp, line 535]
Event: 40.840 Thread 0x0000017f914593e0 Exception <a 'java/net/ConnectException'{0x00000000c590e378}: Connection refused: no further information> (0x00000000c590e378) 
thrown [s\open\src\hotspot\share\prims\jni.cpp, line 535]
Event: 40.840 Thread 0x0000017f914593e0 Exception <a 'java/net/SocketException'{0x00000000c590e6b0}: Socket is not connected: shutdown> (0x00000000c590e6b0) 
thrown [s\open\src\hotspot\share\prims\jni.cpp, line 535]
Event: 40.840 Thread 0x0000017f914593e0 Exception <a 'java/net/ConnectException'{0x00000000c590ef10}: Connection refused: no further information> (0x00000000c590ef10) 
thrown [s\open\src\hotspot\share\prims\jni.cpp, line 535]
Event: 40.840 Thread 0x0000017f914593e0 Exception <a 'java/net/SocketException'{0x00000000c590f248}: Socket is not connected: shutdown> (0x00000000c590f248) 
thrown [s\open\src\hotspot\share\prims\jni.cpp, line 535]
Event: 40.840 Thread 0x0000017f914593e0 Exception <a 'java/net/ConnectException'{0x00000000c590faa8}: Connection refused: no further information> (0x00000000c590faa8) 
thrown [s\open\src\hotspot\share\prims\jni.cpp, line 535]
Event: 40.841 Thread 0x0000017f914593e0 Exception <a 'java/net/SocketException'{0x00000000c590fde0}: Socket is not connected: shutdown> (0x00000000c590fde0) 
thrown [s\open\src\hotspot\share\prims\jni.cpp, line 535]
Event: 40.841 Thread 0x0000017f914593e0 Exception <a 'java/net/ConnectException'{0x00000000c5910640}: Connection refused: no further information> (0x00000000c5910640) 
thrown [s\open\src\hotspot\share\prims\jni.cpp, line 535]
Event: 40.841 Thread 0x0000017f914593e0 Exception <a 'java/net/SocketException'{0x00000000c5910978}: Socket is not connected: shutdown> (0x00000000c5910978) 
thrown [s\open\src\hotspot\share\prims\jni.cpp, line 535]
Event: 40.842 Thread 0x0000017f914593e0 Exception <a 'java/net/ConnectException'{0x00000000c59111d8}: Connection refused: no further information> (0x00000000c59111d8) 
thrown [s\open\src\hotspot\share\prims\jni.cpp, line 535]
Event: 40.842 Thread 0x0000017f914593e0 Exception <a 'java/net/SocketException'{0x00000000c5911510}: Socket is not connected: shutdown> (0x00000000c5911510) 
thrown [s\open\src\hotspot\share\prims\jni.cpp, line 535]
Event: 40.845 Thread 0x0000017f914593e0 Exception <a 'java/net/ConnectException'{0x00000000c5911d70}: Connection refused: no further information> (0x00000000c5911d70) 
thrown [s\open\src\hotspot\share\prims\jni.cpp, line 535]
Event: 40.845 Thread 0x0000017f914593e0 Exception <a 'java/net/SocketException'{0x00000000c59120a8}: Socket is not connected: shutdown> (0x00000000c59120a8) 
thrown [s\open\src\hotspot\share\prims\jni.cpp, line 535]
Event: 40.850 Thread 0x0000017f914593e0 Exception <a 'java/net/ConnectException'{0x00000000c5912908}: Connection refused: no further information> (0x00000000c5912908) 
thrown [s\open\src\hotspot\share\prims\jni.cpp, line 535]
Event: 40.854 Thread 0x0000017f914593e0 Exception <a 'java/net/SocketException'{0x00000000c5912c40}: Socket is not connected: shutdown> (0x00000000c5912c40) 
thrown [s\open\src\hotspot\share\prims\jni.cpp, line 535]
Event: 40.856 Thread 0x0000017f914593e0 Exception <a 'java/net/ConnectException'{0x00000000c59134a0}: Connection refused: no further information> (0x00000000c59134a0) 
thrown [s\open\src\hotspot\share\prims\jni.cpp, line 535]
Event: 40.856 Thread 0x0000017f914593e0 Exception <a 'java/net/SocketException'{0x00000000c59137d8}: Socket is not connected: shutdown> (0x00000000c59137d8) 
thrown [s\open\src\hotspot\share\prims\jni.cpp, line 535]
Event: 40.881 Thread 0x0000017f914593e0 Exception <a 'java/net/ConnectException'{0x00000000c5914038}: Connection refused: no further information> (0x00000000c5914038) 
thrown [s\open\src\hotspot\share\prims\jni.cpp, line 535]
Event: 40.881 Thread 0x0000017f914593e0 Exception <a 'java/net/SocketException'{0x00000000c5914370}: Socket is not connected: shutdown> (0x00000000c5914370) 
thrown [s\open\src\hotspot\share\prims\jni.cpp, line 535]

VM Operations (20 events):
Event: 30.619 Executing VM operation: Cleanup
Event: 30.619 Executing VM operation: Cleanup done
Event: 37.587 Executing VM operation: HandshakeAllThreads
Event: 37.588 Executing VM operation: HandshakeAllThreads done
Event: 38.597 Executing VM operation: Cleanup
Event: 38.598 Executing VM operation: Cleanup done
Event: 39.606 Executing VM operation: Cleanup
Event: 39.606 Executing VM operation: Cleanup done
Event: 40.261 Executing VM operation: G1CollectForAllocation
Event: 40.280 Executing VM operation: G1CollectForAllocation done
Event: 41.292 Executing VM operation: Cleanup
Event: 41.292 Executing VM operation: Cleanup done
Event: 55.423 Executing VM operation: Cleanup
Event: 55.660 Executing VM operation: Cleanup done
Event: 56.675 Executing VM operation: Cleanup
Event: 56.675 Executing VM operation: Cleanup done
Event: 57.677 Executing VM operation: Cleanup
Event: 57.677 Executing VM operation: Cleanup done
Event: 58.684 Executing VM operation: Cleanup
Event: 58.685 Executing VM operation: Cleanup done

Events (20 events):
Event: 39.965 loading class java/lang/Throwable$WrappedPrintWriter
Event: 39.971 loading class java/lang/Throwable$PrintStreamOrWriter
Event: 39.971 loading class java/lang/Throwable$PrintStreamOrWriter done
Event: 39.971 loading class java/lang/Throwable$WrappedPrintWriter done
Event: 40.348 Thread 0x0000017f91458ed0 Thread added: 0x0000017f91458ed0
Event: 40.381 Thread 0x0000017f9145dfd0 Thread added: 0x0000017f9145dfd0
Event: 40.382 Thread 0x0000017f914593e0 Thread added: 0x0000017f914593e0
Event: 40.382 Thread 0x0000017f9145cb90 Thread added: 0x0000017f9145cb90
Event: 40.889 Thread 0x0000017f9145e4e0 Thread added: 0x0000017f9145e4e0
Event: 40.898 loading class java/util/LinkedList$LLSpliterator
Event: 40.899 loading class java/util/LinkedList$LLSpliterator done
Event: 40.902 Thread 0x0000017f90c10380 Thread exited: 0x0000017f90c10380
Event: 40.904 Thread 0x0000017f9145c680 Thread added: 0x0000017f9145c680
Event: 40.908 Thread 0x0000017f9145c170 Thread added: 0x0000017f9145c170
Event: 40.908 Thread 0x0000017f91457fa0 Thread added: 0x0000017f91457fa0
Event: 42.263 Thread 0x0000017f914589c0 Thread exited: 0x0000017f914589c0
Event: 56.825 loading class java/net/URLEncoder
Event: 56.839 loading class java/net/URLEncoder done
Event: 59.089 loading class sun/reflect/generics/repository/FieldRepository
Event: 59.110 loading class sun/reflect/generics/repository/FieldRepository done


Dynamic libraries:
0x00007ff692c80000 - 0x00007ff692c90000 	C:\Program Files\Java\jdk-17\bin\java.exe
0x00007ffc174d0000 - 0x00007ffc176c8000 	C:\Windows\SYSTEM32\ntdll.dll
0x00007ffc157d0000 - 0x00007ffc15892000 	C:\Windows\System32\KERNEL32.DLL
0x00007ffc14fe0000 - 0x00007ffc152de000 	C:\Windows\System32\KERNELBASE.dll
0x00007ffc153a0000 - 0x00007ffc154a0000 	C:\Windows\System32\ucrtbase.dll
0x00007ffbfee50000 - 0x00007ffbfee69000 	C:\Program Files\Java\jdk-17\bin\jli.dll
0x00007ffc16520000 - 0x00007ffc165d1000 	C:\Windows\System32\ADVAPI32.dll
0x00007ffc15960000 - 0x00007ffc159fe000 	C:\Windows\System32\msvcrt.dll
0x00007ffc15dc0000 - 0x00007ffc15e5f000 	C:\Windows\System32\sechost.dll
0x00007ffc16ef0000 - 0x00007ffc17013000 	C:\Windows\System32\RPCRT4.dll
0x00007ffc14e20000 - 0x00007ffc14e47000 	C:\Windows\System32\bcrypt.dll
0x00007ffbfd920000 - 0x00007ffbfd93b000 	C:\Program Files\Java\jdk-17\bin\VCRUNTIME140.dll
0x00007ffc15a00000 - 0x00007ffc15b9d000 	C:\Windows\System32\USER32.dll
0x00007ffc15370000 - 0x00007ffc15392000 	C:\Windows\System32\win32u.dll
0x00007ffc17380000 - 0x00007ffc173ab000 	C:\Windows\System32\GDI32.dll
0x00007ffc14ec0000 - 0x00007ffc14fd7000 	C:\Windows\System32\gdi32full.dll
0x00007ffc14c20000 - 0x00007ffc14cbd000 	C:\Windows\System32\msvcp_win.dll
0x00007ffc031e0000 - 0x00007ffc0347a000 	C:\Windows\WinSxS\amd64_microsoft.windows.common-controls_6595b64144ccf1df_6.0.19041.4355_none_60b8b9eb71f62e16\COMCTL32.dll
0x00007ffc0e110000 - 0x00007ffc0e11a000 	C:\Windows\SYSTEM32\VERSION.dll
0x00007ffc15d80000 - 0x00007ffc15daf000 	C:\Windows\System32\IMM32.DLL
0x00007ffc10b40000 - 0x00007ffc10b4c000 	C:\Program Files\Java\jdk-17\bin\vcruntime140_1.dll
0x00007ffbbf9e0000 - 0x00007ffbbfa6e000 	C:\Program Files\Java\jdk-17\bin\msvcp140.dll
0x00007ffb945b0000 - 0x00007ffb95190000 	C:\Program Files\Java\jdk-17\bin\server\jvm.dll
0x00007ffc16d50000 - 0x00007ffc16d58000 	C:\Windows\System32\PSAPI.DLL
0x00007ffc03740000 - 0x00007ffc03749000 	C:\Windows\SYSTEM32\WSOCK32.dll
0x00007ffc03e00000 - 0x00007ffc03e27000 	C:\Windows\SYSTEM32\WINMM.dll
0x00007ffc15c50000 - 0x00007ffc15cbb000 	C:\Windows\System32\WS2_32.dll
0x00007ffc13340000 - 0x00007ffc13352000 	C:\Windows\SYSTEM32\kernel.appcore.dll
0x00007ffbff3a0000 - 0x00007ffbff3aa000 	C:\Program Files\Java\jdk-17\bin\jimage.dll
0x00007ffc12890000 - 0x00007ffc12a74000 	C:\Windows\SYSTEM32\DBGHELP.DLL
0x00007ffbfe650000 - 0x00007ffbfe684000 	C:\Windows\SYSTEM32\dbgcore.DLL
0x00007ffc152e0000 - 0x00007ffc15362000 	C:\Windows\System32\bcryptPrimitives.dll
0x00007ffbc18e0000 - 0x00007ffbc1905000 	C:\Program Files\Java\jdk-17\bin\java.dll
0x00007ffbbb540000 - 0x00007ffbbb617000 	C:\Program Files\Java\jdk-17\bin\jsvml.dll
0x00007ffc165e0000 - 0x00007ffc16d4d000 	C:\Windows\System32\SHELL32.dll
0x00007ffc12b90000 - 0x00007ffc13334000 	C:\Windows\SYSTEM32\windows.storage.dll
0x00007ffc17020000 - 0x00007ffc17373000 	C:\Windows\System32\combase.dll
0x00007ffc145a0000 - 0x00007ffc145ce000 	C:\Windows\SYSTEM32\Wldp.dll
0x00007ffc15e60000 - 0x00007ffc15f2d000 	C:\Windows\System32\OLEAUT32.dll
0x00007ffc158a0000 - 0x00007ffc1594d000 	C:\Windows\System32\SHCORE.dll
0x00007ffc15cc0000 - 0x00007ffc15d15000 	C:\Windows\System32\shlwapi.dll
0x00007ffc14aa0000 - 0x00007ffc14ac4000 	C:\Windows\SYSTEM32\profapi.dll
0x00007ffbe3a60000 - 0x00007ffbe3a79000 	C:\Program Files\Java\jdk-17\bin\net.dll
0x00007ffc0d960000 - 0x00007ffc0da6d000 	C:\Windows\SYSTEM32\WINHTTP.dll
0x00007ffc142e0000 - 0x00007ffc1434a000 	C:\Windows\system32\mswsock.dll
0x00007ffbc6fc0000 - 0x00007ffbc6fd6000 	C:\Program Files\Java\jdk-17\bin\nio.dll
0x00007ffbbffa0000 - 0x00007ffbbffb8000 	C:\Program Files\Java\jdk-17\bin\zip.dll
0x00007ffbe0600000 - 0x00007ffbe060a000 	C:\Program Files\Java\jdk-17\bin\management.dll
0x00007ffbdee60000 - 0x00007ffbdee6b000 	C:\Program Files\Java\jdk-17\bin\management_ext.dll
0x00007ffbe4df0000 - 0x00007ffbe4e00000 	C:\Program Files\Java\jdk-17\bin\verify.dll
0x00007ffc14500000 - 0x00007ffc14518000 	C:\Windows\SYSTEM32\CRYPTSP.dll
0x00007ffc13b70000 - 0x00007ffc13ba4000 	C:\Windows\system32\rsaenh.dll
0x00007ffc14a20000 - 0x00007ffc14a4e000 	C:\Windows\SYSTEM32\USERENV.dll
0x00007ffc144f0000 - 0x00007ffc144fc000 	C:\Windows\SYSTEM32\CRYPTBASE.dll
0x00007ffc13f60000 - 0x00007ffc13f9b000 	C:\Windows\SYSTEM32\IPHLPAPI.DLL
0x00007ffc15950000 - 0x00007ffc15958000 	C:\Windows\System32\NSI.dll
0x00007ffc0cbd0000 - 0x00007ffc0cbe7000 	C:\Windows\SYSTEM32\dhcpcsvc6.DLL
0x00007ffc0d220000 - 0x00007ffc0d23d000 	C:\Windows\SYSTEM32\dhcpcsvc.DLL
0x00007ffc13fb0000 - 0x00007ffc1407a000 	C:\Windows\SYSTEM32\DNSAPI.dll
0x0000000064c50000 - 0x0000000064c76000 	C:\Program Files\Bonjour\mdnsNSP.dll
0x00007ffc03f40000 - 0x00007ffc03f4a000 	C:\Windows\System32\rasadhlp.dll
0x00007ffc08ea0000 - 0x00007ffc08f20000 	C:\Windows\System32\fwpuclnt.dll
0x00007ffbe3a10000 - 0x00007ffbe3a1e000 	C:\Program Files\Java\jdk-17\bin\sunmscapi.dll
0x00007ffc14cc0000 - 0x00007ffc14e1c000 	C:\Windows\System32\CRYPT32.dll
0x00007ffc14610000 - 0x00007ffc14637000 	C:\Windows\SYSTEM32\ncrypt.dll
0x00007ffc145d0000 - 0x00007ffc1460b000 	C:\Windows\SYSTEM32\NTASN1.dll
0x00007ffbe3480000 - 0x00007ffbe3487000 	C:\Windows\system32\wshunix.dll
0x00007ffbe3730000 - 0x00007ffbe3747000 	C:\Windows\system32\napinsp.dll
0x00007ffbe3710000 - 0x00007ffbe372b000 	C:\Windows\system32\pnrpnsp.dll
0x00007ffc11140000 - 0x00007ffc11155000 	C:\Windows\system32\wshbth.dll
0x00007ffc0e720000 - 0x00007ffc0e73d000 	C:\Windows\system32\NLAapi.dll
0x00007ffbe36f0000 - 0x00007ffbe3702000 	C:\Windows\System32\winrnr.dll

dbghelp: loaded successfully - version: 4.0.5 - missing functions: none
symbol engine: initialized successfully - sym options: 0x614 - pdb path: .;C:\Program Files\Java\jdk-17\bin;C:\Windows\SYSTEM32;C:\Windows\WinSxS\amd64_microsoft.windows.common-controls_6595b64144ccf1df_6.0.19041.4355_none_60b8b9eb71f62e16;C:\Program Files\Java\jdk-17\bin\server;C:\Program Files\Bonjour

VM Arguments:
java_command: C:\Users\Ravindu Haputhanthri\AppData\Local\Temp\surefire5631807915473099711\surefirebooter-20250113185842384_3.jar C:\Users\Ravindu Haputhanthri\AppData\Local\Temp\surefire5631807915473099711 2025-01-13T18-58-41_996-jvmRun1 surefire-20250113185842384_1tmp surefire_0-20250113185842384_2tmp
java_class_path (initial): C:\Users\Ravindu Haputhanthri\AppData\Local\Temp\surefire5631807915473099711\surefirebooter-20250113185842384_3.jar
Launcher Type: SUN_STANDARD

[Global flags]
     intx CICompilerCount                          = 3                                         {product} {ergonomic}
     uint ConcGCThreads                            = 1                                         {product} {ergonomic}
     uint G1ConcRefinementThreads                  = 4                                         {product} {ergonomic}
   size_t G1HeapRegionSize                         = 1048576                                   {product} {ergonomic}
    uintx GCDrainStackTargetSize                   = 64                                        {product} {ergonomic}
   size_t InitialHeapSize                          = 65011712                                  {product} {ergonomic}
   size_t MarkStackSize                            = 4194304                                   {product} {ergonomic}
   size_t MaxHeapSize                              = 1040187392                                {product} {ergonomic}
   size_t MaxNewSize                               = 623902720                                 {product} {ergonomic}
   size_t MinHeapDeltaBytes                        = 1048576                                   {product} {ergonomic}
   size_t MinHeapSize                              = 8388608                                   {product} {ergonomic}
    uintx NonNMethodCodeHeapSize                   = 5832780                                {pd product} {ergonomic}
    uintx NonProfiledCodeHeapSize                  = 122912730                              {pd product} {ergonomic}
    uintx ProfiledCodeHeapSize                     = 122912730                              {pd product} {ergonomic}
    uintx ReservedCodeCacheSize                    = 251658240                              {pd product} {ergonomic}
     bool SegmentedCodeCache                       = true                                      {product} {ergonomic}
   size_t SoftMaxHeapSize                          = 1040187392                             {manageable} {ergonomic}
     bool UseCompressedClassPointers               = true                           {product lp64_product} {ergonomic}
     bool UseCompressedOops                        = true                           {product lp64_product} {ergonomic}
     bool UseG1GC                                  = true                                      {product} {ergonomic}
     bool UseLargePagesIndividualAllocation        = false                                  {pd product} {ergonomic}

Logging:
Log output configuration:
 #0: stdout all=warning uptime,level,tags
 #1: stderr all=off uptime,level,tags

Environment Variables:
PATH=C:\Program Files\Java\jdk-17\bin;C:\Program Files\Java\jdk-21\bin;C:\Program Files\Common Files\Oracle\Java\javapath;C:\Program Files\Java\jdk-11\bin;C:\Program Files (x86)\Common Files\Oracle\Java\java8path;C:\Program Files (x86)\Common Files\Oracle\Java\javapath;C:\Program Files\Java\jdk1.8.0_202\bin;D:\Softwares\Oracle\WINDOWS.X64_193000_db_home\bin;C:\Oracle\WINDOWS.X64_193000_db_home\bin;C:\Windows\system32;C:\Windows;C:\Windows\System32\Wbem;C:\Windows\System32\WindowsPowerShell\v1.0\;C:\Windows\System32\OpenSSH\;C:\ProgramData\chocolatey\bin;C:\Program Files\dotnet\;C:\Program Files (x86)\Microsoft SQL Server\160\DTS\Binn\;C:\Program Files\Azure Data Studio\bin;C:\Program Files (x86)\Microsoft SQL Server\160\Tools\Binn\;C:\Program Files\Microsoft SQL Server\160\Tools\Binn\;C:\Program Files\Microsoft SQL Server\Client SDK\ODBC\170\Tools\Binn\;C:\Program Files\Microsoft SQL Server\160\DTS\Binn\;C:\Program Files (x86)\Microsoft SQL Server\150\Tools\Binn\;C:\Program Files\Microsoft SQL Server\150\Tools\Binn\;C:\Program Files\Microsoft SQL Server\150\DTS\Binn\;C:\Program Files\MySQL\MySQL Server 8.0\bin;C:\Program Files\Git\cmd;C:\Program Files\nodejs\;C:\Program Files\Docker\Docker\resources\bin;C:\Program Files (x86)\dotnet\;C:\Program Files\apache-maven-3.9.9\bin;C:\Users\Ravindu Haputhanthri\AppData\Local\Programs\Python\Python312\Scripts\;C:\Users\Ravindu Haputhanthri\AppData\Local\Programs\Python\Python312\;C:\Users\Ravindu Haputhanthri\AppData\Local\Programs\Python\Launcher\;C:\Users\Ravindu Haputhanthri\AppData\Local\Microsoft\WindowsApps;;C:\Program Files\JetBrains\IntelliJ IDEA Community Edition 2024.1\bin;;C:\Program Files\JetBrains\PyCharm Community Edition 2022.1\bin;;C:\Users\Ravindu Haputhanthri\AppData\Local\Programs\Microsoft VS Code\bin;C:\Users\Ravindu Haputhanthri\.dotnet\tools;C:\Program Files\Azure Data Studio\bin;C:\Program Files\JetBrains\IntelliJ IDEA 2023.3.2\bin;;C:\Users\Ravindu Haputhanthri\AppData\Roaming\npm
USERNAME=Ravindu Haputhanthri
OS=Windows_NT
PROCESSOR_IDENTIFIER=Intel64 Family 6 Model 142 Stepping 10, GenuineIntel



---------------  S Y S T E M  ---------------

OS:
 Windows 10 , 64 bit Build 19041 (10.0.19041.5072)
OS uptime: 46 days 23:39 hours
Hyper-V role detected

CPU: total 4 (initial active 4) (2 cores per cpu, 2 threads per core) family 6 model 142 stepping 10 microcode 0xec, cx8, cmov, fxsr, ht, mmx, 3dnowpref, sse, sse2, sse3, ssse3, sse4.1, sse4.2, popcnt, lzcnt, tsc, tscinvbit, avx, avx2, aes, erms, clmul, bmi1, bmi2, adx, fma, vzeroupper, clflush, clflushopt, hv

Memory: 4k page, system-wide physical 3960M (257M free)
TotalPageFile size 16248M (AvailPageFile size 194M)
current process WorkingSet (physical memory assigned to process): 48M, peak: 157M
current process commit charge ("private bytes"): 186M, peak: 199M

vm_info: Java HotSpot(TM) 64-Bit Server VM (17.0.12+8-LTS-286) for windows-amd64 JRE (17.0.12+8-LTS-286), built on Jun  5 2024 06:46:59 by "mach5one" with MS VC++ 17.6 (VS2022)

END.
